#
# There is insufficient memory for the Java Runtime Environment to continue.
# Native memory allocation (mmap) failed to map 65536 bytes. Error detail: Failed to commit metaspace.
# Possible reasons:
#   The system is out of physical RAM or swap space
#   This process is running with CompressedOops enabled, and the Java Heap may be blocking the growth of the native heap
# Possible solutions:
#   Reduce memory load on the system
#   Increase physical memory or swap space
#   Check if swap backing store is full
#   Decrease Java heap size (-Xmx/-Xms)
#   Decrease Java thread stack sizes (-Xss)
#   Set larger code cache with -XX:ReservedCodeCacheSize=
#   JVM is running with Unscaled Compressed Oops mode in which the Java heap is
#     placed in the first 4GB address space. The Java Heap base address is the
#     maximum limit for the native heap growth. Please use -XX:HeapBaseMinAddress
#     to set the Java Heap base and to place the Java Heap above 4GB virtual address.
# This output file may be truncated or incomplete.
#
#  Out of Memory Error (virtualSpaceNode.cpp:113), pid=8712, tid=14712
#
# JRE version: OpenJDK Runtime Environment (21.0.5) (build 21.0.5+-13047016-b750.29)
# Java VM: OpenJDK 64-Bit Server VM (21.0.5+-13047016-b750.29, mixed mode, tiered, compressed oops, compressed class ptrs, g1 gc, windows-amd64)
# No core dump will be written. Minidumps are not enabled by default on client versions of Windows
#

---------------  S U M M A R Y ------------

Command Line: --add-opens=java.base/java.util=ALL-UNNAMED --add-opens=java.base/java.lang=ALL-UNNAMED --add-opens=java.base/java.lang.invoke=ALL-UNNAMED --add-opens=java.prefs/java.util.prefs=ALL-UNNAMED --add-exports=jdk.compiler/com.sun.tools.javac.api=ALL-UNNAMED --add-exports=jdk.compiler/com.sun.tools.javac.util=ALL-UNNAMED --add-opens=java.base/java.nio.charset=ALL-UNNAMED --add-opens=java.base/java.net=ALL-UNNAMED --add-opens=java.base/java.util.concurrent.atomic=ALL-UNNAMED -Xmx2048m -Dfile.encoding=UTF-8 -Duser.country=US -Duser.language=en -Duser.variant -javaagent:C:\Users\mudai\.gradle\wrapper\dists\gradle-8.10.2-bin\a04bxjujx95o3nb99gddekhwo\gradle-8.10.2\lib\agents\gradle-instrumentation-agent-8.10.2.jar org.gradle.launcher.daemon.bootstrap.GradleDaemon 8.10.2

Host: Intel(R) Celeron(R) N4100 CPU @ 1.10GHz, 4 cores, 3G,  Windows 10 , 64 bit Build 19041 (10.0.19041.5915)
Time: Sat Nov 29 15:22:37 2025 E. Africa Standard Time elapsed time: 24.898497 seconds (0d 0h 0m 24s)

---------------  T H R E A D  ---------------

Current thread (0x0000025833d12280):  JavaThread "Daemon worker"        [_thread_in_vm, id=14712, stack(0x000000c001600000,0x000000c001700000) (1024K)]

Stack: [0x000000c001600000,0x000000c001700000]
Native frames: (J=compiled Java code, j=interpreted, Vv=VM code, C=native code)
V  [jvm.dll+0x6cfb29]
V  [jvm.dll+0x85df93]
V  [jvm.dll+0x8604ee]
V  [jvm.dll+0x860bd3]
V  [jvm.dll+0x27e6b6]
V  [jvm.dll+0x858e6e]
V  [jvm.dll+0x673d95]
V  [jvm.dll+0x1e3111]
V  [jvm.dll+0x1e2ede]
V  [jvm.dll+0x6766e8]
V  [jvm.dll+0x676522]
V  [jvm.dll+0x67478e]
V  [jvm.dll+0x27ad46]
V  [jvm.dll+0x72649a]
V  [jvm.dll+0x726fdf]
V  [jvm.dll+0x3c41e0]
V  [jvm.dll+0x46e03c]
V  [jvm.dll+0x47906d]
C  0x0000025821c0b71f

The last pc belongs to native nmethod (printed below).
Java frames: (J=compiled Java code, j=interpreted, Vv=VM code)
J 2321  java.lang.Class.getDeclaredConstructors0(Z)[Ljava/lang/reflect/Constructor; java.base@21.0.5 (0 bytes) @ 0x0000025821c0b68b [0x0000025821c0b640+0x000000000000004b]
j  java.lang.Class.privateGetDeclaredConstructors(Z)[Ljava/lang/reflect/Constructor;+52 java.base@21.0.5
j  java.lang.Class.getDeclaredConstructors()[Ljava/lang/reflect/Constructor;+20 java.base@21.0.5
j  org.gradle.internal.service.InjectUtil.selectConstructor(Ljava/lang/Class;)Ljava/lang/reflect/Constructor;+32
j  org.gradle.internal.service.DefaultServiceRegistry$ConstructorService.<init>(Lorg/gradle/internal/service/DefaultServiceRegistry;Lorg/gradle/internal/service/ServiceAccessScope;Lorg/gradle/internal/service/ServiceAccessToken;Ljava/util/List;Ljava/lang/Class;)V+36
j  org.gradle.internal.service.DefaultServiceRegistry$ConstructorService.<init>(Lorg/gradle/internal/service/DefaultServiceRegistry;Lorg/gradle/internal/service/ServiceAccessScope;Lorg/gradle/internal/service/ServiceAccessToken;Ljava/lang/Class;Ljava/lang/Class;)V+11
j  org.gradle.internal.service.DefaultServiceRegistry$ConstructorService.<init>(Lorg/gradle/internal/service/DefaultServiceRegistry;Lorg/gradle/internal/service/ServiceAccessScope;Lorg/gradle/internal/service/ServiceAccessToken;Ljava/lang/Class;)V+8
j  org.gradle.internal.service.DefaultServiceRegistry$ConstructorService.<init>(Lorg/gradle/internal/service/DefaultServiceRegistry;Lorg/gradle/internal/service/ServiceAccessScope;Lorg/gradle/internal/service/ServiceAccessToken;Ljava/lang/Class;Lorg/gradle/internal/service/DefaultServiceRegistry$1;)V+6
j  org.gradle.internal.service.DefaultServiceRegistry$1.add(Ljava/lang/Class;)V+24
j  org.gradle.internal.service.scopes.GradleUserHomeScopeServices.configure(Lorg/gradle/internal/service/ServiceRegistration;)V+61
j  java.lang.invoke.DirectMethodHandle$Holder.invokeVirtual(Ljava/lang/Object;Ljava/lang/Object;Ljava/lang/Object;)V+11 java.base@21.0.5
j  java.lang.invoke.LambdaForm$MH+0x00000001000f2000.invoke(Ljava/lang/Object;Ljava/lang/Object;)Ljava/lang/Object;+39 java.base@21.0.5
j  java.lang.invoke.LambdaForm$MH+0x00000001000f1800.invoke(Ljava/lang/Object;Ljava/lang/Object;Ljava/lang/Object;)Ljava/lang/Object;+45 java.base@21.0.5
j  java.lang.invoke.Invokers$Holder.invokeExact_MT(Ljava/lang/Object;Ljava/lang/Object;Ljava/lang/Object;Ljava/lang/Object;)Ljava/lang/Object;+20 java.base@21.0.5
j  java.lang.invoke.MethodHandle.invokeWithArguments([Ljava/lang/Object;)Ljava/lang/Object;+28 java.base@21.0.5
j  org.gradle.internal.service.MethodHandleBasedServiceMethod.invoke(Ljava/lang/Object;[Ljava/lang/Object;)Ljava/lang/Object;+9
j  org.gradle.internal.service.DefaultServiceRegistry.applyConfigureMethod(Lorg/gradle/internal/service/ServiceAccessToken;Lorg/gradle/internal/service/ServiceMethod;Ljava/lang/Object;)V+146
j  org.gradle.internal.service.DefaultServiceRegistry.findProviderMethods(Lorg/gradle/internal/service/ServiceRegistrationProvider;Lorg/gradle/internal/service/ServiceAccessToken;)V+215
j  org.gradle.internal.service.DefaultServiceRegistry.addProvider(Lorg/gradle/internal/service/ServiceRegistrationProvider;)Lorg/gradle/internal/service/DefaultServiceRegistry;+18
j  org.gradle.internal.service.ServiceRegistryBuilder.build()Lorg/gradle/internal/service/CloseableServiceRegistry;+93
j  org.gradle.internal.service.scopes.DefaultGradleUserHomeScopeServiceRegistry.getServicesFor(Ljava/io/File;)Lorg/gradle/internal/service/ServiceRegistry;+152
j  org.gradle.internal.session.BuildSessionState.<init>(Lorg/gradle/internal/service/scopes/GradleUserHomeScopeServiceRegistry;Lorg/gradle/internal/session/CrossBuildSessionState;Lorg/gradle/api/internal/StartParameterInternal;Lorg/gradle/initialization/BuildRequestMetaData;Lorg/gradle/internal/classpath/ClassPath;Lorg/gradle/initialization/BuildCancellationToken;Lorg/gradle/initialization/BuildClientMetaData;Lorg/gradle/initialization/BuildEventConsumer;)V+15
j  org.gradle.internal.buildprocess.execution.BuildSessionLifecycleBuildActionExecutor.execute(Lorg/gradle/internal/invocation/BuildAction;Lorg/gradle/launcher/exec/BuildActionParameters;Lorg/gradle/initialization/BuildRequestContext;)Lorg/gradle/launcher/exec/BuildActionResult;+86
j  org.gradle.internal.buildprocess.execution.BuildSessionLifecycleBuildActionExecutor.execute(Lorg/gradle/internal/invocation/BuildAction;Ljava/lang/Object;Ljava/lang/Object;)Lorg/gradle/launcher/exec/BuildActionResult;+10
j  org.gradle.internal.buildprocess.execution.StartParamsValidatingActionExecutor.execute(Lorg/gradle/internal/invocation/BuildAction;Lorg/gradle/launcher/exec/BuildActionParameters;Lorg/gradle/initialization/BuildRequestContext;)Lorg/gradle/launcher/exec/BuildActionResult;+203
j  org.gradle.internal.buildprocess.execution.StartParamsValidatingActionExecutor.execute(Lorg/gradle/internal/invocation/BuildAction;Ljava/lang/Object;Ljava/lang/Object;)Lorg/gradle/launcher/exec/BuildActionResult;+10
j  org.gradle.internal.buildprocess.execution.SessionFailureReportingActionExecutor.execute(Lorg/gradle/internal/invocation/BuildAction;Lorg/gradle/launcher/exec/BuildActionParameters;Lorg/gradle/initialization/BuildRequestContext;)Lorg/gradle/launcher/exec/BuildActionResult;+7
j  org.gradle.internal.buildprocess.execution.SessionFailureReportingActionExecutor.execute(Lorg/gradle/internal/invocation/BuildAction;Ljava/lang/Object;Ljava/lang/Object;)Lorg/gradle/launcher/exec/BuildActionResult;+10
j  org.gradle.internal.buildprocess.execution.SetupLoggingActionExecutor.execute(Lorg/gradle/internal/invocation/BuildAction;Lorg/gradle/launcher/exec/BuildActionParameters;Lorg/gradle/initialization/BuildRequestContext;)Lorg/gradle/launcher/exec/BuildActionResult;+50
j  org.gradle.internal.buildprocess.execution.SetupLoggingActionExecutor.execute(Lorg/gradle/internal/invocation/BuildAction;Ljava/lang/Object;Ljava/lang/Object;)Lorg/gradle/launcher/exec/BuildActionResult;+10
j  org.gradle.launcher.daemon.server.exec.ExecuteBuild.doBuild(Lorg/gradle/launcher/daemon/server/api/DaemonCommandExecution;Lorg/gradle/launcher/daemon/protocol/Build;)V+147
j  org.gradle.launcher.daemon.server.exec.BuildCommandOnly.execute(Lorg/gradle/launcher/daemon/server/api/DaemonCommandExecution;)V+49
j  org.gradle.launcher.daemon.server.api.DaemonCommandExecution.proceed()Z+23
j  org.gradle.launcher.daemon.server.exec.WatchForDisconnection.execute(Lorg/gradle/launcher/daemon/server/api/DaemonCommandExecution;)V+19
j  org.gradle.launcher.daemon.server.api.DaemonCommandExecution.proceed()Z+23
j  org.gradle.launcher.daemon.server.exec.ResetDeprecationLogger.execute(Lorg/gradle/launcher/daemon/server/api/DaemonCommandExecution;)V+7
j  org.gradle.launcher.daemon.server.api.DaemonCommandExecution.proceed()Z+23
j  org.gradle.launcher.daemon.server.exec.RequestStopIfSingleUsedDaemon.execute(Lorg/gradle/launcher/daemon/server/api/DaemonCommandExecution;)V+33
j  org.gradle.launcher.daemon.server.api.DaemonCommandExecution.proceed()Z+23
j  org.gradle.launcher.daemon.server.exec.ForwardClientInput.lambda$execute$0(Lorg/gradle/launcher/daemon/server/api/DaemonCommandExecution;Lorg/gradle/internal/daemon/clientinput/StdinHandler;)Ljava/lang/Object;+11
j  org.gradle.launcher.daemon.server.exec.ForwardClientInput$$Lambda+0x000000010023ed60.apply(Ljava/lang/Object;)Ljava/lang/Object;+8
j  org.gradle.internal.daemon.clientinput.ClientInputForwarder.forwardInput(Ljava/util/function/Function;)Ljava/lang/Object;+46
j  org.gradle.launcher.daemon.server.exec.ForwardClientInput.execute(Lorg/gradle/launcher/daemon/server/api/DaemonCommandExecution;)V+10
j  org.gradle.launcher.daemon.server.api.DaemonCommandExecution.proceed()Z+23
j  org.gradle.launcher.daemon.server.exec.LogAndCheckHealth.execute(Lorg/gradle/launcher/daemon/server/api/DaemonCommandExecution;)V+51
j  org.gradle.launcher.daemon.server.api.DaemonCommandExecution.proceed()Z+23
j  org.gradle.launcher.daemon.server.exec.LogToClient.doBuild(Lorg/gradle/launcher/daemon/server/api/DaemonCommandExecution;Lorg/gradle/launcher/daemon/protocol/Build;)V+87
j  org.gradle.launcher.daemon.server.exec.BuildCommandOnly.execute(Lorg/gradle/launcher/daemon/server/api/DaemonCommandExecution;)V+49
j  org.gradle.launcher.daemon.server.api.DaemonCommandExecution.proceed()Z+23
j  org.gradle.launcher.daemon.server.exec.EstablishBuildEnvironment.doBuild(Lorg/gradle/launcher/daemon/server/api/DaemonCommandExecution;Lorg/gradle/launcher/daemon/protocol/Build;)V+356
j  org.gradle.launcher.daemon.server.exec.BuildCommandOnly.execute(Lorg/gradle/launcher/daemon/server/api/DaemonCommandExecution;)V+49
j  org.gradle.launcher.daemon.server.api.DaemonCommandExecution.proceed()Z+23
j  org.gradle.launcher.daemon.server.exec.StartBuildOrRespondWithBusy$1.run()V+44
j  org.gradle.launcher.daemon.server.DaemonStateCoordinator.lambda$runCommand$0(Ljava/lang/Runnable;)V+1
j  org.gradle.launcher.daemon.server.DaemonStateCoordinator$$Lambda+0x000000010023d648.run()V+8
j  org.gradle.internal.concurrent.ExecutorPolicy$CatchAndRecordFailures.onExecute(Ljava/lang/Runnable;)V+1
j  org.gradle.internal.concurrent.AbstractManagedExecutor$1.run()V+25
j  java.util.concurrent.ThreadPoolExecutor.runWorker(Ljava/util/concurrent/ThreadPoolExecutor$Worker;)V+92 java.base@21.0.5
j  java.util.concurrent.ThreadPoolExecutor$Worker.run()V+5 java.base@21.0.5
j  java.lang.Thread.runWith(Ljava/lang/Object;Ljava/lang/Runnable;)V+5 java.base@21.0.5
j  java.lang.Thread.run()V+19 java.base@21.0.5
v  ~StubRoutines::call_stub 0x0000025821561015

Compiled method (n/a) 25204 2321     n 0       java.lang.Class::getDeclaredConstructors0 (native)
 total in heap  [0x0000025821c0b490,0x0000025821c0ba68] = 1496
 relocation     [0x0000025821c0b5f0,0x0000025821c0b628] = 56
 main code      [0x0000025821c0b640,0x0000025821c0ba63] = 1059
 stub code      [0x0000025821c0ba63,0x0000025821c0ba68] = 5

[Constant Pool (empty)]

[MachCode]
[Entry Point]
  # {method} {0x000002582e01d8e8} 'getDeclaredConstructors0' '(Z)[Ljava/lang/reflect/Constructor;' in 'java/lang/Class'
  # this:     rdx:rdx   = 'java/lang/Class'
  # parm0:    r8        = boolean
  #           [sp+0x70]  (sp of caller)
  0x0000025821c0b640: 448b 5208 | 49c1 e203 | 493b c20f | 8407 0000 

  0x0000025821c0b650: ;   {runtime_call ic_miss_stub}
  0x0000025821c0b650: 00e9 2a31 | 9aff 6690 
[Verified Entry Point]
  0x0000025821c0b658: 8984 2400 | 80ff ff55 | 488b ec48 | 83ec 6090 | 4181 7f20 | 0300 0000 

  0x0000025821c0b670: ;   {runtime_call StubRoutines (final stubs)}
  0x0000025821c0b670: 7405 e8c9 | e398 ff48 | 8954 2420 | 4883 fa00 | 488d 5424 | 2048 0f44 

  0x0000025821c0b688: ; ImmutableOopMap {[32]=Oop }
                      ;   {section_word}
  0x0000025821c0b688: 5424 2049 | ba8b b6c0 | 2158 0200 | 004d 8997 | a003 0000 | 4989 a798 

  0x0000025821c0b6a0: ;   {external_word}
  0x0000025821c0b6a0: 0300 0049 | ba40 4743 | f5fe 7f00 | 0041 803a | 000f 844a | 0000 0052 

  0x0000025821c0b6b8: ;   {metadata({method} {0x000002582e01d8e8} 'getDeclaredConstructors0' '(Z)[Ljava/lang/reflect/Constructor;' in 'java/lang/Class')}
  0x0000025821c0b6b8: 4150 48ba | e0d8 012e | 5802 0000 | 498b cf48 | 83ec 2040 | f6c4 0f0f | 8419 0000 | 0048 83ec 
  0x0000025821c0b6d8: ;   {runtime_call}
  0x0000025821c0b6d8: 0848 b8d0 | 6bfd f4fe | 7f00 00ff | d048 83c4 | 08e9 0c00 

  0x0000025821c0b6ec: ;   {runtime_call}
  0x0000025821c0b6ec: 0000 48b8 | d06b fdf4 | fe7f 0000 | ffd0 4883 | c420 4158 | 5a49 8d8f | b803 0000 | 41c7 8744 
  0x0000025821c0b70c: 0400 0004 

  0x0000025821c0b710: ;   {runtime_call}
  0x0000025821c0b710: 0000 0048 | b801 dffc | 4bff 7f00 | 00ff d041 | c787 4404 | 0000 0500 | 0000 f083 | 4424 c000 
  0x0000025821c0b730: 493b af48 | 0400 000f | 870e 0000 | 0041 83bf | 4004 0000 | 000f 8428 | 0000 0048 | 8945 f849 
  0x0000025821c0b750: 8bcf 4c8b | e448 83ec | 2048 83e4 

  0x0000025821c0b75c: ;   {runtime_call}
  0x0000025821c0b75c: f048 b870 | dac8 f4fe | 7f00 00ff | d049 8be4 | 4d33 e448 | 8b45 f841 | c787 4404 | 0000 0800 
  0x0000025821c0b77c: 0000 4183 | bfc0 0400 | 0002 0f84 | ad02 0000 

  0x0000025821c0b78c: ;   {external_word}
  0x0000025821c0b78c: 49ba 4047 | 43f5 fe7f | 0000 4180 | 3a00 0f84 | 4c00 0000 | 4889 45f8 

  0x0000025821c0b7a4: ;   {metadata({method} {0x000002582e01d8e8} 'getDeclaredConstructors0' '(Z)[Ljava/lang/reflect/Constructor;' in 'java/lang/Class')}
  0x0000025821c0b7a4: 48ba e0d8 | 012e 5802 | 0000 498b | cf48 83ec | 2040 f6c4 | 0f0f 8419 | 0000 0048 

  0x0000025821c0b7c0: ;   {runtime_call}
  0x0000025821c0b7c0: 83ec 0848 | b8d0 6bfd | f4fe 7f00 | 00ff d048 | 83c4 08e9 | 0c00 0000 

  0x0000025821c0b7d8: ;   {runtime_call}
  0x0000025821c0b7d8: 48b8 d06b | fdf4 fe7f | 0000 ffd0 | 4883 c420 | 488b 45f8 | 49c7 8798 | 0300 0000 | 0000 0049 
  0x0000025821c0b7f8: c787 a003 | 0000 0000 | 0000 4885 | c00f 840b | 0200 00a8 | 030f 8508 | 0000 0048 | 8b00 e9fb 
  0x0000025821c0b818: 0100 00a8 | 010f 8509 | 0000 0048 | 8b40 fee9 | ea01 0000 | 488b 40ff | 4180 7f40 | 000f 84db 
  0x0000025821c0b838: 0100 0048 | 83f8 000f | 84d1 0100 | 0049 8b4f | 2848 83f9 | 000f 8414 | 0000 0048 | 83e9 0849 
  0x0000025821c0b858: 894f 2849 | 034f 3848 | 8901 e9af | 0100 0048 | 81ec d000 | 0000 4889 | 0424 4889 | 4c24 0848 
  0x0000025821c0b878: 8954 2410 | 4889 7424 | 1848 897c | 2420 4c89 | 4424 284c | 894c 2430 | 4c89 5424 | 384c 895c 
  0x0000025821c0b898: 2440 f20f | 1144 2450 | f20f 114c | 2458 f20f | 1154 2460 | f20f 115c | 2468 f20f | 1164 2470 
  0x0000025821c0b8b8: f20f 116c | 2478 f20f | 11b4 2480 | 0000 00f2 | 0f11 bc24 | 8800 0000 | f244 0f11 

  0x0000025821c0b8d4: ;   {no_reloc}
  0x0000025821c0b8d4: 8424 9000 | 0000 f244 | 0f11 8c24 | 9800 0000 | f244 0f11 | 9424 a000 | 0000 f244 | 0f11 9c24 
  0x0000025821c0b8f4: a800 0000 | f244 0f11 | a424 b000 | 0000 f244 | 0f11 ac24 | b800 0000 | f244 0f11 | b424 c000 
  0x0000025821c0b914: 0000 f244 | 0f11 bc24 | c800 0000 | 498b d748 | 8bc8 4883 | ec20 40f6 | c40f 0f84 | 1900 0000 
  0x0000025821c0b934: 4883 ec08 

  0x0000025821c0b938: ;   {runtime_call}
  0x0000025821c0b938: 48b8 70ed | bbf4 fe7f | 0000 ffd0 | 4883 c408 | e90c 0000 

  0x0000025821c0b94c: ;   {runtime_call}
  0x0000025821c0b94c: 0048 b870 | edbb f4fe | 7f00 00ff | d048 83c4 | 20f2 440f | 10bc 24c8 | 0000 00f2 | 440f 10b4 
  0x0000025821c0b96c: 24c0 0000 | 00f2 440f | 10ac 24b8 | 0000 00f2 | 440f 10a4 | 24b0 0000 | 00f2 440f | 109c 24a8 
  0x0000025821c0b98c: 0000 00f2 | 440f 1094 | 24a0 0000 | 00f2 440f | 108c 2498 | 0000 00f2 | 440f 1084 | 2490 0000 
  0x0000025821c0b9ac: 00f2 0f10 | bc24 8800 | 0000 f20f | 10b4 2480 | 0000 00f2 | 0f10 6c24 | 78f2 0f10 | 6424 70f2 
  0x0000025821c0b9cc: 0f10 5c24 | 68f2 0f10 | 5424 60f2 | 0f10 4c24 | 58f2 0f10 | 4424 504c | 8b5c 2440 | 4c8b 5424 
  0x0000025821c0b9ec: 384c 8b4c | 2430 4c8b | 4424 2848 | 8b7c 2420 | 488b 7424 | 1848 8b54 | 2410 488b | 4c24 0848 
  0x0000025821c0ba0c: 8b04 2448 | 81c4 d000 | 0000 498b | 8f28 0400 | 00c7 8100 | 0100 0000 | 0000 00c9 | 4983 7f08 
  0x0000025821c0ba2c: 000f 8501 | 0000 00c3 

  0x0000025821c0ba34: ;   {runtime_call StubRoutines (initial stubs)}
  0x0000025821c0ba34: e9c7 5495 | ff48 8945 | f84c 8be4 | 4883 ec20 | 4883 e4f0 

  0x0000025821c0ba48: ;   {runtime_call}
  0x0000025821c0ba48: 48b8 70a3 | fdf4 fe7f | 0000 ffd0 | 498b e44d | 33e4 488b | 45f8 e929 | fdff fff4 | f4f4 f4f4 
[/MachCode]


---------------  P R O C E S S  ---------------

Threads class SMR info:
_java_thread_list=0x0000025833ea9500, length=21, elements={
0x0000025816ed7ec0, 0x000002582dd5dd80, 0x000002582dd5e6a0, 0x0000025832014920,
0x0000025832014f80, 0x0000025832013080, 0x000002583202c290, 0x000002583202c8f0,
0x0000025832034fa0, 0x00000258321b1fa0, 0x000002583233fa70, 0x000002583314b7b0,
0x00000258339c2090, 0x00000258338ac290, 0x00000258333bd850, 0x00000258333bdeb0,
0x0000025833d11780, 0x0000025833d12280, 0x0000025833eb4020, 0x0000025833b1c960,
0x0000025833b14810
}

Java Threads: ( => current thread )
  0x0000025816ed7ec0 JavaThread "main"                              [_thread_blocked, id=7556, stack(0x000000c07fb00000,0x000000c07fc00000) (1024K)]
  0x000002582dd5dd80 JavaThread "Reference Handler"          daemon [_thread_blocked, id=12564, stack(0x000000c000300000,0x000000c000400000) (1024K)]
  0x000002582dd5e6a0 JavaThread "Finalizer"                  daemon [_thread_blocked, id=10884, stack(0x000000c000400000,0x000000c000500000) (1024K)]
  0x0000025832014920 JavaThread "Signal Dispatcher"          daemon [_thread_blocked, id=7228, stack(0x000000c000500000,0x000000c000600000) (1024K)]
  0x0000025832014f80 JavaThread "Attach Listener"            daemon [_thread_blocked, id=16004, stack(0x000000c000600000,0x000000c000700000) (1024K)]
  0x0000025832013080 JavaThread "Service Thread"             daemon [_thread_blocked, id=16372, stack(0x000000c000700000,0x000000c000800000) (1024K)]
  0x000002583202c290 JavaThread "Monitor Deflation Thread"   daemon [_thread_blocked, id=12832, stack(0x000000c000800000,0x000000c000900000) (1024K)]
  0x000002583202c8f0 JavaThread "C2 CompilerThread0"         daemon [_thread_blocked, id=11316, stack(0x000000c000900000,0x000000c000a00000) (1024K)]
  0x0000025832034fa0 JavaThread "C1 CompilerThread0"         daemon [_thread_blocked, id=10864, stack(0x000000c000a00000,0x000000c000b00000) (1024K)]
  0x00000258321b1fa0 JavaThread "Common-Cleaner"             daemon [_thread_blocked, id=6804, stack(0x000000c000b00000,0x000000c000c00000) (1024K)]
  0x000002583233fa70 JavaThread "Notification Thread"        daemon [_thread_blocked, id=9308, stack(0x000000c000c00000,0x000000c000d00000) (1024K)]
  0x000002583314b7b0 JavaThread "Daemon health stats"               [_thread_blocked, id=12396, stack(0x000000c001000000,0x000000c001100000) (1024K)]
  0x00000258339c2090 JavaThread "Incoming local TCP Connector on port 62202"        [_thread_in_native, id=3264, stack(0x000000c001100000,0x000000c001200000) (1024K)]
  0x00000258338ac290 JavaThread "Daemon periodic checks"            [_thread_blocked, id=5116, stack(0x000000c001200000,0x000000c001300000) (1024K)]
  0x00000258333bd850 JavaThread "Daemon"                            [_thread_blocked, id=15348, stack(0x000000c001300000,0x000000c001400000) (1024K)]
  0x00000258333bdeb0 JavaThread "Handler for socket connection from /127.0.0.1:62202 to /127.0.0.1:62203"        [_thread_in_native, id=15804, stack(0x000000c001400000,0x000000c001500000) (1024K)]
  0x0000025833d11780 JavaThread "Cancel handler"                    [_thread_blocked, id=988, stack(0x000000c001500000,0x000000c001600000) (1024K)]
=>0x0000025833d12280 JavaThread "Daemon worker"                     [_thread_in_vm, id=14712, stack(0x000000c001600000,0x000000c001700000) (1024K)]
  0x0000025833eb4020 JavaThread "Asynchronous log dispatcher for DefaultDaemonConnection: socket connection from /127.0.0.1:62202 to /127.0.0.1:62203"        [_thread_blocked, id=8356, stack(0x000000c001700000,0x000000c001800000) (1024K)]
  0x0000025833b1c960 JavaThread "Stdin handler"                     [_thread_blocked, id=3252, stack(0x000000c001800000,0x000000c001900000) (1024K)]
  0x0000025833b14810 JavaThread "Daemon client event forwarder"        [_thread_blocked, id=3256, stack(0x000000c001900000,0x000000c001a00000) (1024K)]
Total: 21

Other Threads:
  0x0000025814c3ba60 VMThread "VM Thread"                           [id=9944, stack(0x000000c000200000,0x000000c000300000) (1024K)]
  0x000002582dc89c10 WatcherThread "VM Periodic Task Thread"        [id=4044, stack(0x000000c000100000,0x000000c000200000) (1024K)]
  0x0000025814c3abe0 WorkerThread "GC Thread#0"                     [id=8460, stack(0x000000c07fc00000,0x000000c07fd00000) (1024K)]
  0x0000025814c3b320 WorkerThread "GC Thread#1"                     [id=6452, stack(0x000000c000d00000,0x000000c000e00000) (1024K)]
  0x0000025814c3a4a0 WorkerThread "GC Thread#2"                     [id=15424, stack(0x000000c000e00000,0x000000c000f00000) (1024K)]
  0x0000025832cae430 WorkerThread "GC Thread#3"                     [id=5264, stack(0x000000c000f00000,0x000000c001000000) (1024K)]
  0x0000025816f3e140 ConcurrentGCThread "G1 Main Marker"            [id=16248, stack(0x000000c07fd00000,0x000000c07fe00000) (1024K)]
  0x0000025814c3af80 WorkerThread "G1 Conc#0"                       [id=7860, stack(0x000000c07fe00000,0x000000c07ff00000) (1024K)]
  0x0000025816f96ba0 ConcurrentGCThread "G1 Refine#0"               [id=576, stack(0x000000c07ff00000,0x000000c080000000) (1024K)]
  0x0000025816f99240 ConcurrentGCThread "G1 Service"                [id=2044, stack(0x000000c000000000,0x000000c000100000) (1024K)]
Total: 10

Threads with active compile tasks:
Total: 0

VM state: not at safepoint (normal execution)

VM Mutex/Monitor currently owned by a thread:  ([mutex/lock_event])
[0x00007ffef544b160] Metaspace_lock - owner thread: 0x0000025833d12280

Heap address: 0x0000000080000000, size: 2048 MB, Compressed Oops mode: 32-bit

CDS archive(s) not mapped
Compressed class space mapped at: 0x0000000100000000-0x0000000140000000, reserved size: 1073741824
Narrow klass base: 0x0000000000000000, Narrow klass shift: 3, Narrow klass range: 0x140000000

GC Precious Log:
 CardTable entry size: 512
 Card Set container configuration: InlinePtr #cards 5 size 8 Array Of Cards #cards 12 size 40 Howl #buckets 4 coarsen threshold 1843 Howl Bitmap #cards 512 size 80 coarsen threshold 460 Card regions per heap region 1 cards per card region 2048
 CPUs: 4 total, 4 available
 Memory: 3435M
 Large Page Support: Disabled
 NUMA Support: Disabled
 Compressed Oops: Enabled (32-bit)
 Heap Region Size: 1M
 Heap Min Capacity: 8M
 Heap Initial Capacity: 54M
 Heap Max Capacity: 2G
 Pre-touch: Disabled
 Parallel Workers: 4
 Concurrent Workers: 1
 Concurrent Refinement Workers: 4
 Periodic GC: Disabled

Heap:
 garbage-first heap   total 55296K, used 33760K [0x0000000080000000, 0x0000000100000000)
  region size 1024K, 15 young (15360K), 2 survivors (2048K)
 Metaspace       used 24059K, committed 24448K, reserved 1114112K
  class space    used 2846K, committed 3072K, reserved 1048576K

Heap Regions: E=young(eden), S=young(survivor), O=old, HS=humongous(starts), HC=humongous(continues), CS=collection set, F=free, TAMS=top-at-mark-start, PB=parsable bottom
|   0|0x0000000080000000, 0x0000000080100000, 0x0000000080100000|100%|HS|  |TAMS 0x0000000080000000| PB 0x0000000080000000| Complete 
|   1|0x0000000080100000, 0x0000000080200000, 0x0000000080200000|100%|HC|  |TAMS 0x0000000080100000| PB 0x0000000080100000| Complete 
|   2|0x0000000080200000, 0x0000000080300000, 0x0000000080300000|100%|HC|  |TAMS 0x0000000080200000| PB 0x0000000080200000| Complete 
|   3|0x0000000080300000, 0x0000000080400000, 0x0000000080400000|100%|HC|  |TAMS 0x0000000080300000| PB 0x0000000080300000| Complete 
|   4|0x0000000080400000, 0x0000000080500000, 0x0000000080500000|100%| O|Cm|TAMS 0x0000000080400000| PB 0x0000000080400000| Complete 
|   5|0x0000000080500000, 0x0000000080600000, 0x0000000080600000|100%| O|  |TAMS 0x0000000080500000| PB 0x0000000080500000| Untracked 
|   6|0x0000000080600000, 0x0000000080700000, 0x0000000080700000|100%| O|  |TAMS 0x0000000080600000| PB 0x0000000080600000| Untracked 
|   7|0x0000000080700000, 0x0000000080800000, 0x0000000080800000|100%| O|  |TAMS 0x0000000080700000| PB 0x0000000080700000| Untracked 
|   8|0x0000000080800000, 0x0000000080900000, 0x0000000080900000|100%| O|  |TAMS 0x0000000080800000| PB 0x0000000080800000| Untracked 
|   9|0x0000000080900000, 0x0000000080a00000, 0x0000000080a00000|100%| O|  |TAMS 0x0000000080900000| PB 0x0000000080900000| Untracked 
|  10|0x0000000080a00000, 0x0000000080b00000, 0x0000000080b00000|100%| O|  |TAMS 0x0000000080a00000| PB 0x0000000080a00000| Untracked 
|  11|0x0000000080b00000, 0x0000000080c00000, 0x0000000080c00000|100%| O|  |TAMS 0x0000000080b00000| PB 0x0000000080b00000| Untracked 
|  12|0x0000000080c00000, 0x0000000080d00000, 0x0000000080d00000|100%|HS|  |TAMS 0x0000000080c00000| PB 0x0000000080c00000| Complete 
|  13|0x0000000080d00000, 0x0000000080e00000, 0x0000000080e00000|100%| O|  |TAMS 0x0000000080d00000| PB 0x0000000080d00000| Untracked 
|  14|0x0000000080e00000, 0x0000000080f00000, 0x0000000080f00000|100%| O|  |TAMS 0x0000000080e00000| PB 0x0000000080e00000| Untracked 
|  15|0x0000000080f00000, 0x0000000081000000, 0x0000000081000000|100%| O|  |TAMS 0x0000000080f00000| PB 0x0000000080f00000| Untracked 
|  16|0x0000000081000000, 0x0000000081100000, 0x0000000081100000|100%| O|  |TAMS 0x0000000081000000| PB 0x0000000081000000| Untracked 
|  17|0x0000000081100000, 0x0000000081200000, 0x0000000081200000|100%| O|  |TAMS 0x0000000081100000| PB 0x0000000081100000| Untracked 
|  18|0x0000000081200000, 0x0000000081300000, 0x0000000081300000|100%| O|  |TAMS 0x0000000081200000| PB 0x0000000081200000| Untracked 
|  19|0x0000000081300000, 0x00000000813d5660, 0x0000000081400000| 83%| O|  |TAMS 0x0000000081300000| PB 0x0000000081300000| Untracked 
|  20|0x0000000081400000, 0x0000000081400000, 0x0000000081500000|  0%| F|  |TAMS 0x0000000081400000| PB 0x0000000081400000| Untracked 
|  21|0x0000000081500000, 0x0000000081500000, 0x0000000081600000|  0%| F|  |TAMS 0x0000000081500000| PB 0x0000000081500000| Untracked 
|  22|0x0000000081600000, 0x0000000081600000, 0x0000000081700000|  0%| F|  |TAMS 0x0000000081600000| PB 0x0000000081600000| Untracked 
|  23|0x0000000081700000, 0x0000000081700000, 0x0000000081800000|  0%| F|  |TAMS 0x0000000081700000| PB 0x0000000081700000| Untracked 
|  24|0x0000000081800000, 0x0000000081800000, 0x0000000081900000|  0%| F|  |TAMS 0x0000000081800000| PB 0x0000000081800000| Untracked 
|  25|0x0000000081900000, 0x0000000081900000, 0x0000000081a00000|  0%| F|  |TAMS 0x0000000081900000| PB 0x0000000081900000| Untracked 
|  26|0x0000000081a00000, 0x0000000081a00000, 0x0000000081b00000|  0%| F|  |TAMS 0x0000000081a00000| PB 0x0000000081a00000| Untracked 
|  27|0x0000000081b00000, 0x0000000081b00000, 0x0000000081c00000|  0%| F|  |TAMS 0x0000000081b00000| PB 0x0000000081b00000| Untracked 
|  28|0x0000000081c00000, 0x0000000081c00000, 0x0000000081d00000|  0%| F|  |TAMS 0x0000000081c00000| PB 0x0000000081c00000| Untracked 
|  29|0x0000000081d00000, 0x0000000081d00000, 0x0000000081e00000|  0%| F|  |TAMS 0x0000000081d00000| PB 0x0000000081d00000| Untracked 
|  30|0x0000000081e00000, 0x0000000081e00000, 0x0000000081f00000|  0%| F|  |TAMS 0x0000000081e00000| PB 0x0000000081e00000| Untracked 
|  31|0x0000000081f00000, 0x0000000081f00000, 0x0000000082000000|  0%| F|  |TAMS 0x0000000081f00000| PB 0x0000000081f00000| Untracked 
|  32|0x0000000082000000, 0x0000000082000000, 0x0000000082100000|  0%| F|  |TAMS 0x0000000082000000| PB 0x0000000082000000| Untracked 
|  33|0x0000000082100000, 0x0000000082100000, 0x0000000082200000|  0%| F|  |TAMS 0x0000000082100000| PB 0x0000000082100000| Untracked 
|  34|0x0000000082200000, 0x0000000082200000, 0x0000000082300000|  0%| F|  |TAMS 0x0000000082200000| PB 0x0000000082200000| Untracked 
|  35|0x0000000082300000, 0x0000000082300000, 0x0000000082400000|  0%| F|  |TAMS 0x0000000082300000| PB 0x0000000082300000| Untracked 
|  36|0x0000000082400000, 0x0000000082400000, 0x0000000082500000|  0%| F|  |TAMS 0x0000000082400000| PB 0x0000000082400000| Untracked 
|  37|0x0000000082500000, 0x0000000082500000, 0x0000000082600000|  0%| F|  |TAMS 0x0000000082500000| PB 0x0000000082500000| Untracked 
|  38|0x0000000082600000, 0x0000000082600000, 0x0000000082700000|  0%| F|  |TAMS 0x0000000082600000| PB 0x0000000082600000| Untracked 
|  39|0x0000000082700000, 0x00000000827f20e8, 0x0000000082800000| 94%| E|  |TAMS 0x0000000082700000| PB 0x0000000082700000| Complete 
|  40|0x0000000082800000, 0x0000000082900000, 0x0000000082900000|100%| E|CS|TAMS 0x0000000082800000| PB 0x0000000082800000| Complete 
|  41|0x0000000082900000, 0x0000000082a00000, 0x0000000082a00000|100%| E|CS|TAMS 0x0000000082900000| PB 0x0000000082900000| Complete 
|  42|0x0000000082a00000, 0x0000000082b00000, 0x0000000082b00000|100%| E|CS|TAMS 0x0000000082a00000| PB 0x0000000082a00000| Complete 
|  43|0x0000000082b00000, 0x0000000082b22c38, 0x0000000082c00000| 13%| S|CS|TAMS 0x0000000082b00000| PB 0x0000000082b00000| Complete 
|  44|0x0000000082c00000, 0x0000000082d00000, 0x0000000082d00000|100%| S|CS|TAMS 0x0000000082c00000| PB 0x0000000082c00000| Complete 
|  45|0x0000000082d00000, 0x0000000082e00000, 0x0000000082e00000|100%| E|CS|TAMS 0x0000000082d00000| PB 0x0000000082d00000| Complete 
|  46|0x0000000082e00000, 0x0000000082f00000, 0x0000000082f00000|100%| E|CS|TAMS 0x0000000082e00000| PB 0x0000000082e00000| Complete 
|  47|0x0000000082f00000, 0x0000000083000000, 0x0000000083000000|100%| E|CS|TAMS 0x0000000082f00000| PB 0x0000000082f00000| Complete 
|  48|0x0000000083000000, 0x0000000083100000, 0x0000000083100000|100%| E|CS|TAMS 0x0000000083000000| PB 0x0000000083000000| Complete 
|  49|0x0000000083100000, 0x0000000083200000, 0x0000000083200000|100%| E|CS|TAMS 0x0000000083100000| PB 0x0000000083100000| Complete 
|  50|0x0000000083200000, 0x0000000083300000, 0x0000000083300000|100%| E|CS|TAMS 0x0000000083200000| PB 0x0000000083200000| Complete 
|  51|0x0000000083300000, 0x0000000083400000, 0x0000000083400000|100%| E|CS|TAMS 0x0000000083300000| PB 0x0000000083300000| Complete 
|  52|0x0000000083400000, 0x0000000083500000, 0x0000000083500000|100%| E|CS|TAMS 0x0000000083400000| PB 0x0000000083400000| Complete 
|  53|0x0000000083500000, 0x0000000083600000, 0x0000000083600000|100%| E|CS|TAMS 0x0000000083500000| PB 0x0000000083500000| Complete 

Card table byte_map: [0x0000025829430000,0x0000025829830000] _byte_map_base: 0x0000025829030000

Marking Bits: (CMBitMap*) 0x0000025816f2c210
 Bits: [0x0000025829830000, 0x000002582b830000)

Polling page: 0x0000025814e60000

Metaspace:

Usage:
  Non-class:     20.72 MB used.
      Class:      2.78 MB used.
       Both:     23.50 MB used.

Virtual space:
  Non-class space:       64.00 MB reserved,      20.88 MB ( 33%) committed,  1 nodes.
      Class space:        1.00 GB reserved,       3.00 MB ( <1%) committed,  1 nodes.
             Both:        1.06 GB reserved,      23.88 MB (  2%) committed. 

Chunk freelists:
   Non-Class:  10.55 MB
       Class:  13.03 MB
        Both:  23.58 MB

MaxMetaspaceSize: unlimited
CompressedClassSpaceSize: 1.00 GB
Initial GC threshold: 21.00 MB
Current GC threshold: 35.31 MB
CDS: off
 - commit_granule_bytes: 65536.
 - commit_granule_words: 8192.
 - virtual_space_node_default_size: 8388608.
 - enlarge_chunks_in_place: 1.
 - use_allocation_guard: 0.


Internal statistics:

num_allocs_failed_limit: 3.
num_arena_births: 476.
num_arena_deaths: 0.
num_vsnodes_births: 2.
num_vsnodes_deaths: 0.
num_space_committed: 382.
num_space_uncommitted: 0.
num_chunks_returned_to_freelist: 3.
num_chunks_taken_from_freelist: 972.
num_chunk_merges: 3.
num_chunk_splits: 618.
num_chunks_enlarged: 425.
num_inconsistent_stats: 0.

CodeHeap 'non-profiled nmethods': size=120000Kb used=1234Kb max_used=1234Kb free=118765Kb
 bounds [0x0000025821b00000, 0x0000025821d70000, 0x0000025829030000]
CodeHeap 'profiled nmethods': size=120000Kb used=5187Kb max_used=5187Kb free=114812Kb
 bounds [0x000002581a030000, 0x000002581a550000, 0x0000025821560000]
CodeHeap 'non-nmethods': size=5760Kb used=1441Kb max_used=1458Kb free=4319Kb
 bounds [0x0000025821560000, 0x00000258217d0000, 0x0000025821b00000]
 total_blobs=3170 nmethods=2624 adapters=451
 compilation: enabled
              stopped_count=0, restarted_count=0
 full_count=0

Compilation events (20 events):
Event: 24.814 Thread 0x0000025832034fa0 nmethod 2608 0x0000025821c2b310 code [0x0000025821c2b4a0, 0x0000025821c2b568]
Event: 24.816 Thread 0x000002583202c8f0 2609       4       jdk.internal.org.objectweb.asm.Frame::getLocal (46 bytes)
Event: 24.819 Thread 0x000002583202c8f0 nmethod 2609 0x0000025821c2b610 code [0x0000025821c2b7a0, 0x0000025821c2b898]
Event: 24.819 Thread 0x000002583202c8f0 2610       4       java.util.Arrays::copyOf (40 bytes)
Event: 24.822 Thread 0x0000025832034fa0 2612       1       java.lang.invoke.LambdaForm::arity (5 bytes)
Event: 24.822 Thread 0x0000025832034fa0 nmethod 2612 0x0000025821c2b990 code [0x0000025821c2bb20, 0x0000025821c2bbe8]
Event: 24.823 Thread 0x0000025832034fa0 2613       3       java.lang.invoke.InvokerBytecodeGenerator::<init> (80 bytes)
Event: 24.824 Thread 0x0000025832034fa0 nmethod 2613 0x000002581a53e290 code [0x000002581a53e460, 0x000002581a53e7f8]
Event: 24.825 Thread 0x0000025832034fa0 2614       3       java.util.ArrayList::toArray (12 bytes)
Event: 24.825 Thread 0x0000025832034fa0 nmethod 2614 0x000002581a53ea90 code [0x000002581a53ec40, 0x000002581a53ee18]
Event: 24.831 Thread 0x000002583202c8f0 nmethod 2610 0x0000025821c2bc90 code [0x0000025821c2be40, 0x0000025821c2c298]
Event: 24.831 Thread 0x000002583202c8f0 2611       4       jdk.internal.org.objectweb.asm.SymbolTable::addConstantUtf8Reference (101 bytes)
Event: 24.863 Thread 0x0000025832034fa0 2616       3       sun.reflect.annotation.AnnotationParser::parseMemberValue (230 bytes)
Event: 24.869 Thread 0x0000025832034fa0 nmethod 2616 0x0000025821c2c510 code [0x0000025821c2ca20, 0x0000025821c2ee08]
Event: 24.870 Thread 0x0000025832034fa0 2618       3       jdk.internal.org.objectweb.asm.MethodWriter::putFrame (549 bytes)
Event: 24.874 Thread 0x0000025832034fa0 nmethod 2618 0x0000025821c2fa90 code [0x0000025821c2ff20, 0x0000025821c31980]
Event: 24.874 Thread 0x0000025832034fa0 2617       3       java.lang.WeakPairMap$Pair$Weak::first (5 bytes)
Event: 24.874 Thread 0x0000025832034fa0 nmethod 2617 0x000002581a53ef10 code [0x000002581a53f0a0, 0x000002581a53f258]
Event: 24.880 Thread 0x0000025832034fa0 2619       3       java.util.Collection::stream (11 bytes)
Event: 24.880 Thread 0x0000025832034fa0 nmethod 2619 0x000002581a53f310 code [0x000002581a53f4c0, 0x000002581a53f6b8]

GC Heap History (12 events):
Event: 2.076 GC heap before
{Heap before GC invocations=0 (full 0):
 garbage-first heap   total 55296K, used 13312K [0x0000000080000000, 0x0000000100000000)
  region size 1024K, 13 young (13312K), 0 survivors (0K)
 Metaspace       used 7382K, committed 7488K, reserved 1114112K
  class space    used 665K, committed 704K, reserved 1048576K
}
Event: 2.088 GC heap after
{Heap after GC invocations=1 (full 0):
 garbage-first heap   total 55296K, used 1216K [0x0000000080000000, 0x0000000100000000)
  region size 1024K, 2 young (2048K), 2 survivors (2048K)
 Metaspace       used 7382K, committed 7488K, reserved 1114112K
  class space    used 665K, committed 704K, reserved 1048576K
}
Event: 8.915 GC heap before
{Heap before GC invocations=1 (full 0):
 garbage-first heap   total 55296K, used 28864K [0x0000000080000000, 0x0000000100000000)
  region size 1024K, 26 young (26624K), 2 survivors (2048K)
 Metaspace       used 11280K, committed 11520K, reserved 1114112K
  class space    used 1171K, committed 1280K, reserved 1048576K
}
Event: 8.941 GC heap after
{Heap after GC invocations=2 (full 0):
 garbage-first heap   total 55296K, used 11554K [0x0000000080000000, 0x0000000100000000)
  region size 1024K, 4 young (4096K), 4 survivors (4096K)
 Metaspace       used 11280K, committed 11520K, reserved 1114112K
  class space    used 1171K, committed 1280K, reserved 1048576K
}
Event: 11.035 GC heap before
{Heap before GC invocations=2 (full 0):
 garbage-first heap   total 55296K, used 37154K [0x0000000080000000, 0x0000000100000000)
  region size 1024K, 29 young (29696K), 4 survivors (4096K)
 Metaspace       used 12229K, committed 12480K, reserved 1114112K
  class space    used 1278K, committed 1408K, reserved 1048576K
}
Event: 11.054 GC heap after
{Heap after GC invocations=3 (full 0):
 garbage-first heap   total 55296K, used 12168K [0x0000000080000000, 0x0000000100000000)
  region size 1024K, 1 young (1024K), 1 survivors (1024K)
 Metaspace       used 12229K, committed 12480K, reserved 1114112K
  class space    used 1278K, committed 1408K, reserved 1048576K
}
Event: 16.270 GC heap before
{Heap before GC invocations=3 (full 0):
 garbage-first heap   total 55296K, used 40840K [0x0000000080000000, 0x0000000100000000)
  region size 1024K, 27 young (27648K), 1 survivors (1024K)
 Metaspace       used 12283K, committed 12544K, reserved 1114112K
  class space    used 1279K, committed 1408K, reserved 1048576K
}
Event: 16.280 GC heap after
{Heap after GC invocations=4 (full 0):
 garbage-first heap   total 55296K, used 16920K [0x0000000080000000, 0x0000000100000000)
  region size 1024K, 4 young (4096K), 4 survivors (4096K)
 Metaspace       used 12283K, committed 12544K, reserved 1114112K
  class space    used 1279K, committed 1408K, reserved 1048576K
}
Event: 21.091 GC heap before
{Heap before GC invocations=4 (full 0):
 garbage-first heap   total 55296K, used 40472K [0x0000000080000000, 0x0000000100000000)
  region size 1024K, 27 young (27648K), 4 survivors (4096K)
 Metaspace       used 19082K, committed 19456K, reserved 1114112K
  class space    used 2135K, committed 2304K, reserved 1048576K
}
Event: 21.107 GC heap after
{Heap after GC invocations=5 (full 0):
 garbage-first heap   total 55296K, used 20415K [0x0000000080000000, 0x0000000100000000)
  region size 1024K, 4 young (4096K), 4 survivors (4096K)
 Metaspace       used 19082K, committed 19456K, reserved 1114112K
  class space    used 2135K, committed 2304K, reserved 1048576K
}
Event: 23.014 GC heap before
{Heap before GC invocations=5 (full 0):
 garbage-first heap   total 55296K, used 28607K [0x0000000080000000, 0x0000000100000000)
  region size 1024K, 13 young (13312K), 4 survivors (4096K)
 Metaspace       used 21257K, committed 21504K, reserved 1114112K
  class space    used 2437K, committed 2560K, reserved 1048576K
}
Event: 23.031 GC heap after
{Heap after GC invocations=6 (full 0):
 garbage-first heap   total 55296K, used 21472K [0x0000000080000000, 0x0000000100000000)
  region size 1024K, 2 young (2048K), 2 survivors (2048K)
 Metaspace       used 21257K, committed 21504K, reserved 1114112K
  class space    used 2437K, committed 2560K, reserved 1048576K
}

Dll operation events (3 events):
Event: 0.053 Loaded shared library C:\Program Files\Android\Android Studio\jbr\bin\java.dll
Event: 0.089 Loaded shared library C:\Program Files\Android\Android Studio\jbr\bin\zip.dll
Event: 3.711 Loaded shared library C:\Program Files\Android\Android Studio\jbr\bin\verify.dll

Deoptimization events (20 events):
Event: 23.831 Thread 0x0000025833d12280 Uncommon trap: trap_request=0xffffff45 fr.pc=0x0000025821b71918 relative=0x00000000000001b8
Event: 23.831 Thread 0x0000025833d12280 Uncommon trap: reason=unstable_if action=reinterpret pc=0x0000025821b71918 method=java.util.HashMap.getNode(Ljava/lang/Object;)Ljava/util/HashMap$Node; @ 66 c2
Event: 23.831 Thread 0x0000025833d12280 DEOPT PACKING pc=0x0000025821b71918 sp=0x000000c0016fc9f0
Event: 23.831 Thread 0x0000025833d12280 DEOPT UNPACKING pc=0x00000258215b469c sp=0x000000c0016fc970 mode 2
Event: 23.831 Thread 0x0000025833d12280 Uncommon trap: trap_request=0xffffffc6 fr.pc=0x0000025821c16acc relative=0x000000000000080c
Event: 23.831 Thread 0x0000025833d12280 Uncommon trap: reason=bimorphic_or_optimized_type_check action=maybe_recompile pc=0x0000025821c16acc method=java.util.HashMap.putVal(ILjava/lang/Object;Ljava/lang/Object;ZZ)Ljava/lang/Object; @ 91 c2
Event: 23.831 Thread 0x0000025833d12280 DEOPT PACKING pc=0x0000025821c16acc sp=0x000000c0016fc9c0
Event: 23.831 Thread 0x0000025833d12280 DEOPT UNPACKING pc=0x00000258215b469c sp=0x000000c0016fc950 mode 2
Event: 23.832 Thread 0x0000025833d12280 Uncommon trap: trap_request=0xffffffc6 fr.pc=0x0000025821c16acc relative=0x000000000000080c
Event: 23.832 Thread 0x0000025833d12280 Uncommon trap: reason=bimorphic_or_optimized_type_check action=maybe_recompile pc=0x0000025821c16acc method=java.util.HashMap.putVal(ILjava/lang/Object;Ljava/lang/Object;ZZ)Ljava/lang/Object; @ 91 c2
Event: 23.832 Thread 0x0000025833d12280 DEOPT PACKING pc=0x0000025821c16acc sp=0x000000c0016fc9c0
Event: 23.832 Thread 0x0000025833d12280 DEOPT UNPACKING pc=0x00000258215b469c sp=0x000000c0016fc950 mode 2
Event: 23.832 Thread 0x0000025833d12280 Uncommon trap: trap_request=0xffffffc6 fr.pc=0x0000025821c16acc relative=0x000000000000080c
Event: 23.832 Thread 0x0000025833d12280 Uncommon trap: reason=bimorphic_or_optimized_type_check action=maybe_recompile pc=0x0000025821c16acc method=java.util.HashMap.putVal(ILjava/lang/Object;Ljava/lang/Object;ZZ)Ljava/lang/Object; @ 91 c2
Event: 23.832 Thread 0x0000025833d12280 DEOPT PACKING pc=0x0000025821c16acc sp=0x000000c0016fc9c0
Event: 23.832 Thread 0x0000025833d12280 DEOPT UNPACKING pc=0x00000258215b469c sp=0x000000c0016fc950 mode 2
Event: 23.868 Thread 0x0000025833d12280 Uncommon trap: trap_request=0xffffff45 fr.pc=0x0000025821b92190 relative=0x00000000000002d0
Event: 23.868 Thread 0x0000025833d12280 Uncommon trap: reason=unstable_if action=reinterpret pc=0x0000025821b92190 method=java.util.concurrent.ConcurrentHashMap.get(Ljava/lang/Object;)Ljava/lang/Object; @ 152 c2
Event: 23.868 Thread 0x0000025833d12280 DEOPT PACKING pc=0x0000025821b92190 sp=0x000000c0016fbf80
Event: 23.868 Thread 0x0000025833d12280 DEOPT UNPACKING pc=0x00000258215b469c sp=0x000000c0016fbef8 mode 2

Classes loaded (20 events):
Event: 23.866 Loading class jdk/internal/vm/annotation/IntrinsicCandidate
Event: 23.867 Loading class jdk/internal/vm/annotation/IntrinsicCandidate done
Event: 23.875 Loading class java/util/stream/MatchOps$MatchKind
Event: 23.876 Loading class java/util/stream/MatchOps$MatchKind done
Event: 23.876 Loading class java/util/stream/MatchOps
Event: 23.877 Loading class java/util/stream/MatchOps done
Event: 23.877 Loading class java/util/stream/MatchOps$MatchOp
Event: 23.878 Loading class java/util/stream/MatchOps$MatchOp done
Event: 23.878 Loading class java/util/stream/MatchOps$BooleanTerminalSink
Event: 23.878 Loading class java/util/stream/MatchOps$BooleanTerminalSink done
Event: 23.880 Loading class java/util/stream/MatchOps$1MatchSink
Event: 23.881 Loading class java/util/stream/MatchOps$1MatchSink done
Event: 23.989 Loading class java/lang/TypeNotPresentException
Event: 23.989 Loading class java/lang/TypeNotPresentException done
Event: 24.552 Loading class java/util/ConcurrentModificationException
Event: 24.553 Loading class java/util/ConcurrentModificationException done
Event: 24.629 Loading class jdk/internal/org/objectweb/asm/ClassReader
Event: 24.632 Loading class jdk/internal/org/objectweb/asm/ClassReader done
Event: 24.676 Loading class sun/reflect/generics/scope/ConstructorScope
Event: 24.676 Loading class sun/reflect/generics/scope/ConstructorScope done

Classes unloaded (0 events):
No events

Classes redefined (0 events):
No events

Internal exceptions (20 events):
Event: 20.418 Thread 0x0000025816ed7ec0 Exception <a 'java/lang/NoSuchMethodError'{0x000000008210d818}: 'java.lang.Object java.lang.invoke.DirectMethodHandle$Holder.invokeStaticInit(java.lang.Object, java.lang.Object, int, int, int, int)'> (0x000000008210d818) 
thrown [s\src\hotspot\share\interpreter\linkResolver.cpp, line 784]
Event: 21.321 Thread 0x0000025816ed7ec0 Exception <a 'java/io/IOException'{0x000000008351fd90}> (0x000000008351fd90) 
thrown [s\src\hotspot\share\prims\jni.cpp, line 535]
Event: 21.411 Thread 0x0000025816ed7ec0 Implicit null exception at 0x0000025821b612a0 to 0x0000025821b6178c
Event: 21.454 Thread 0x0000025816ed7ec0 Exception <a 'java/lang/NoSuchMethodError'{0x0000000083591810}: 'java.lang.Object java.lang.invoke.DirectMethodHandle$Holder.newInvokeSpecial(java.lang.Object, java.lang.Object, java.lang.Object, java.lang.Object, java.lang.Object)'> (0x0000000083591810) 
thrown [s\src\hotspot\share\interpreter\linkResolver.cpp, line 784]
Event: 22.528 Thread 0x00000258333bdeb0 Exception <a 'java/lang/NoSuchMethodError'{0x00000000831c73a0}: 'long java.lang.invoke.DirectMethodHandle$Holder.invokeSpecial(java.lang.Object, java.lang.Object)'> (0x00000000831c73a0) 
thrown [s\src\hotspot\share\interpreter\linkResolver.cpp, line 784]
Event: 22.529 Thread 0x00000258333bdeb0 Exception <a 'java/lang/NoSuchMethodError'{0x00000000831ca7d8}: 'long java.lang.invoke.Invokers$Holder.invokeExact_MT(java.lang.Object, java.lang.Object)'> (0x00000000831ca7d8) 
thrown [s\src\hotspot\share\interpreter\linkResolver.cpp, line 784]
Event: 22.576 Thread 0x00000258333bdeb0 Exception <a 'java/lang/NoSuchMethodError'{0x00000000831ecad8}: 'void java.lang.invoke.DirectMethodHandle$Holder.invokeSpecial(java.lang.Object, java.lang.Object, java.lang.Object)'> (0x00000000831ecad8) 
thrown [s\src\hotspot\share\interpreter\linkResolver.cpp, line 784]
Event: 22.629 Thread 0x00000258333bdeb0 Exception <a 'java/lang/NoSuchMethodError'{0x000000008301b100}: static Lorg/gradle/tooling/internal/provider/serialization/ClassLoaderDetails;.<clinit>()V> (0x000000008301b100) 
thrown [s\src\hotspot\share\prims\jni.cpp, line 1135]
Event: 22.656 Thread 0x00000258333bdeb0 Exception <a 'java/lang/NoSuchMethodError'{0x00000000830354f8}: static Lorg/gradle/internal/classloader/ClassLoaderSpec;.<clinit>()V> (0x00000000830354f8) 
thrown [s\src\hotspot\share\prims\jni.cpp, line 1135]
Event: 22.660 Thread 0x00000258333bdeb0 Exception <a 'java/lang/NoSuchMethodError'{0x000000008303efe0}: static Lorg/gradle/tooling/internal/provider/serialization/WellKnownClassLoaderRegistry$KnownClassLoaderSpec;.<clinit>()V> (0x000000008303efe0) 
thrown [s\src\hotspot\share\prims\jni.cpp, line 1135]
Event: 22.682 Thread 0x00000258333bdeb0 Exception <a 'java/lang/NoSuchMethodError'{0x0000000083055a78}: static Lorg/gradle/tooling/internal/provider/serialization/ClientOwnedClassLoaderSpec;.<clinit>()V> (0x0000000083055a78) 
thrown [s\src\hotspot\share\prims\jni.cpp, line 1135]
Event: 23.103 Thread 0x0000025833d12280 Exception <a 'java/lang/NoSuchMethodError'{0x00000000835bd540}: 'long java.lang.invoke.DirectMethodHandle$Holder.invokeInterface(java.lang.Object, java.lang.Object)'> (0x00000000835bd540) 
thrown [s\src\hotspot\share\interpreter\linkResolver.cpp, line 784]
Event: 23.681 Thread 0x0000025833d12280 Exception <a 'java/lang/NoSuchMethodError'{0x00000000830043e0}: 'void java.lang.invoke.DirectMethodHandle$Holder.invokeStatic(java.lang.Object, java.lang.Object)'> (0x00000000830043e0) 
thrown [s\src\hotspot\share\interpreter\linkResolver.cpp, line 784]
Event: 23.705 Thread 0x0000025833d12280 Exception <a 'java/lang/NoSuchMethodError'{0x000000008303b590}: 'java.lang.Object java.lang.invoke.DirectMethodHandle$Holder.invokeVirtual(java.lang.Object, java.lang.Object, java.lang.Object, java.lang.Object, java.lang.Object, java.lang.Object, java.lang.Object, java.lang.Object, java.lang.Object, java.lang.Object, java.lang.Object, java.lang.Object)'> (0x000000008303b590) 
thrown [s\src\hotspot\share\interpreter\linkResolver.cpp, line 784]
Event: 23.707 Thread 0x0000025833d12280 Exception <a 'java/lang/NoSuchMethodError'{0x00000000830406e0}: 'java.lang.Object java.lang.invoke.DirectMethodHandle$Holder.invokeSpecial(java.lang.Object, java.lang.Object, java.lang.Object, java.lang.Object, java.lang.Object, java.lang.Object, java.lang.Object, java.lang.Object, java.lang.Object, java.lang.Object, java.lang.Object, java.lang.Object, java.lang.Object)'> (0x00000000830406e0) 
thrown [s\src\hotspot\share\interpreter\linkResolver.cpp, line 784]
Event: 23.892 Thread 0x0000025833d12280 Exception <a 'java/lang/NoSuchMethodError'{0x0000000082e3bff0}: 'int java.lang.invoke.DirectMethodHandle$Holder.invokeVirtual(java.lang.Object, java.lang.Object, java.lang.Object)'> (0x0000000082e3bff0) 
thrown [s\src\hotspot\share\interpreter\linkResolver.cpp, line 784]
Event: 24.206 Thread 0x0000025833d12280 Exception <a 'java/lang/NoSuchMethodError'{0x0000000082a972a8}: 'java.lang.Object java.lang.invoke.DirectMethodHandle$Holder.newInvokeSpecial(java.lang.Object, java.lang.Object, java.lang.Object, java.lang.Object, java.lang.Object, java.lang.Object)'> (0x0000000082a972a8) 
thrown [s\src\hotspot\share\interpreter\linkResolver.cpp, line 784]
Event: 24.356 Thread 0x0000025833d12280 Exception <a 'java/lang/NoSuchMethodError'{0x0000000082ab8ff8}: 'void java.lang.invoke.DirectMethodHandle$Holder.invokeStaticInit(java.lang.Object, java.lang.Object)'> (0x0000000082ab8ff8) 
thrown [s\src\hotspot\share\interpreter\linkResolver.cpp, line 784]
Event: 24.809 Thread 0x0000025833d12280 Exception <a 'java/lang/NoSuchMethodError'{0x0000000082749e30}: 'void java.lang.invoke.DelegatingMethodHandle$Holder.reinvoke_L(java.lang.Object, java.lang.Object, java.lang.Object, java.lang.Object, java.lang.Object, java.lang.Object, java.lang.Object, java.lang.Object, java.lang.Object, java.lang.Object)'> (0x0000000082749e30) 
thrown [s\src\hotspot\share\interpreter\linkResolver.cpp, line 784]
Event: 24.811 Thread 0x0000025833d12280 Exception <a 'java/lang/NoSuchMethodError'{0x0000000082751910}: 'java.lang.Object java.lang.invoke.Invokers$Holder.invoker(java.lang.Object, java.lang.Object, java.lang.Object, java.lang.Object, java.lang.Object, java.lang.Object, java.lang.Object, java.lang.Object, java.lang.Object, java.lang.Object)'> (0x0000000082751910) 
thrown [s\src\hotspot\share\interpreter\linkResolver.cpp, line 784]

ZGC Phase Switch (0 events):
No events

VM Operations (20 events):
Event: 20.412 Executing VM operation: HandshakeAllThreads (Deoptimize)
Event: 20.412 Executing VM operation: HandshakeAllThreads (Deoptimize) done
Event: 20.987 Executing VM operation: HandshakeAllThreads (Deoptimize)
Event: 20.987 Executing VM operation: HandshakeAllThreads (Deoptimize) done
Event: 20.987 Executing VM operation: Cleanup
Event: 20.987 Executing VM operation: Cleanup done
Event: 21.091 Executing VM operation: G1CollectForAllocation (G1 Evacuation Pause)
Event: 21.107 Executing VM operation: G1CollectForAllocation (G1 Evacuation Pause) done
Event: 21.788 Executing VM operation: HandshakeAllThreads (Deoptimize)
Event: 21.788 Executing VM operation: HandshakeAllThreads (Deoptimize) done
Event: 22.794 Executing VM operation: Cleanup
Event: 22.794 Executing VM operation: Cleanup done
Event: 23.014 Executing VM operation: CollectForMetadataAllocation (Metadata GC Threshold)
Event: 23.032 Executing VM operation: CollectForMetadataAllocation (Metadata GC Threshold) done
Event: 23.067 Executing VM operation: G1PauseRemark
Event: 23.073 Executing VM operation: G1PauseRemark done
Event: 23.090 Executing VM operation: G1PauseCleanup
Event: 23.090 Executing VM operation: G1PauseCleanup done
Event: 24.095 Executing VM operation: Cleanup
Event: 24.095 Executing VM operation: Cleanup done

Memory protections (0 events):
No events

Nmethod flushes (0 events):
No events

Events (20 events):
Event: 0.923 Loaded shared library C:\Program Files\Android\Android Studio\jbr\bin\net.dll
Event: 0.931 Loaded shared library C:\Program Files\Android\Android Studio\jbr\bin\nio.dll
Event: 0.956 Loaded shared library C:\Program Files\Android\Android Studio\jbr\bin\zip.dll
Event: 1.021 Thread 0x0000025816ed7ec0 Thread added: 0x000002583233fa70
Event: 2.606 Loaded shared library C:\Program Files\Android\Android Studio\jbr\bin\jimage.dll
Event: 4.867 Loaded shared library C:\Users\mudai\.gradle\native\c067742578af261105cb4f569cf0c3c89f3d7b1fecec35dd04571415982c5e48\windows-amd64\native-platform.dll
Event: 4.950 Loaded shared library C:\Users\mudai\.gradle\native\100fb08df4bc3b14c8652ba06237920a3bd2aa13389f12d3474272988ae205f9\windows-amd64\native-platform-file-events.dll
Event: 18.578 Loaded shared library C:\Program Files\Android\Android Studio\jbr\bin\management.dll
Event: 18.598 Loaded shared library C:\Program Files\Android\Android Studio\jbr\bin\management_ext.dll
Event: 18.882 Thread 0x0000025816ed7ec0 Thread added: 0x000002583314b7b0
Event: 20.497 Loaded shared library C:\Program Files\Android\Android Studio\jbr\bin\extnet.dll
Event: 20.820 Thread 0x0000025816ed7ec0 Thread added: 0x00000258339c2090
Event: 21.489 Thread 0x0000025816ed7ec0 Thread added: 0x00000258338ac290
Event: 22.261 Thread 0x00000258339c2090 Thread added: 0x00000258333bd850
Event: 22.274 Thread 0x00000258333bd850 Thread added: 0x00000258333bdeb0
Event: 22.763 Thread 0x00000258333bd850 Thread added: 0x0000025833d11780
Event: 22.812 Thread 0x00000258333bd850 Thread added: 0x0000025833d12280
Event: 22.856 Thread 0x0000025833d12280 Thread added: 0x0000025833eb4020
Event: 22.873 Thread 0x0000025833d12280 Thread added: 0x0000025833b1c960
Event: 22.885 Thread 0x0000025833d12280 Thread added: 0x0000025833b14810


Dynamic libraries:
0x00007ff7a3b50000 - 0x00007ff7a3b5a000 	C:\Program Files\Android\Android Studio\jbr\bin\java.exe
0x00007fff72110000 - 0x00007fff72308000 	C:\Windows\SYSTEM32\ntdll.dll
0x00007fff37a70000 - 0x00007fff37a90000 	C:\Program Files\AVG\Antivirus\aswhook.dll
0x00007fff713f0000 - 0x00007fff714b2000 	C:\Windows\System32\KERNEL32.DLL
0x00007fff6faf0000 - 0x00007fff6fde6000 	C:\Windows\System32\KERNELBASE.dll
0x00007fff6f9a0000 - 0x00007fff6faa0000 	C:\Windows\System32\ucrtbase.dll
0x00007fff6a390000 - 0x00007fff6a3a8000 	C:\Program Files\Android\Android Studio\jbr\bin\jli.dll
0x00007fff66a90000 - 0x00007fff66aab000 	C:\Program Files\Android\Android Studio\jbr\bin\VCRUNTIME140.dll
0x00007fff70b20000 - 0x00007fff70cc1000 	C:\Windows\System32\USER32.dll
0x00007fff6f970000 - 0x00007fff6f992000 	C:\Windows\System32\win32u.dll
0x00007fff710d0000 - 0x00007fff710fb000 	C:\Windows\System32\GDI32.dll
0x00007fff51250000 - 0x00007fff514eb000 	C:\Windows\WinSxS\amd64_microsoft.windows.common-controls_6595b64144ccf1df_6.0.19041.6456_none_60b8a6cb71f64256\COMCTL32.dll
0x00007fff6f820000 - 0x00007fff6f939000 	C:\Windows\System32\gdi32full.dll
0x00007fff71030000 - 0x00007fff710ce000 	C:\Windows\System32\msvcrt.dll
0x00007fff6fdf0000 - 0x00007fff6fe8d000 	C:\Windows\System32\msvcp_win.dll
0x00007fff70af0000 - 0x00007fff70b1f000 	C:\Windows\System32\IMM32.DLL
0x00007fff68900000 - 0x00007fff6890c000 	C:\Program Files\Android\Android Studio\jbr\bin\vcruntime140_1.dll
0x00007fff490c0000 - 0x00007fff4914d000 	C:\Program Files\Android\Android Studio\jbr\bin\msvcp140.dll
0x00007ffef48a0000 - 0x00007ffef552a000 	C:\Program Files\Android\Android Studio\jbr\bin\server\jvm.dll
0x00007fff71ff0000 - 0x00007fff720a1000 	C:\Windows\System32\ADVAPI32.dll
0x00007fff71c70000 - 0x00007fff71d0f000 	C:\Windows\System32\sechost.dll
0x00007fff71930000 - 0x00007fff71a50000 	C:\Windows\System32\RPCRT4.dll
0x00007fff6f940000 - 0x00007fff6f967000 	C:\Windows\System32\bcrypt.dll
0x00007fff711d0000 - 0x00007fff7123b000 	C:\Windows\System32\WS2_32.dll
0x00007fff6f600000 - 0x00007fff6f64b000 	C:\Windows\SYSTEM32\POWRPROF.dll
0x00007fff68150000 - 0x00007fff6815a000 	C:\Windows\SYSTEM32\VERSION.dll
0x00007fff5ea90000 - 0x00007fff5eab7000 	C:\Windows\SYSTEM32\WINMM.dll
0x00007fff6f5e0000 - 0x00007fff6f5f2000 	C:\Windows\SYSTEM32\UMPDC.dll
0x00007fff6df70000 - 0x00007fff6df82000 	C:\Windows\SYSTEM32\kernel.appcore.dll
0x00007fff58e40000 - 0x00007fff58e4a000 	C:\Program Files\Android\Android Studio\jbr\bin\jimage.dll
0x00007fff6dbe0000 - 0x00007fff6dde1000 	C:\Windows\SYSTEM32\DBGHELP.DLL
0x00007fff64f60000 - 0x00007fff64f94000 	C:\Windows\SYSTEM32\dbgcore.DLL
0x00007fff6fe90000 - 0x00007fff6ff12000 	C:\Windows\System32\bcryptPrimitives.dll
0x00007fff6c480000 - 0x00007fff6c48e000 	C:\Program Files\Android\Android Studio\jbr\bin\instrument.dll
0x00007fff4bfc0000 - 0x00007fff4bfe0000 	C:\Program Files\Android\Android Studio\jbr\bin\java.dll
0x00007fff47210000 - 0x00007fff47228000 	C:\Program Files\Android\Android Studio\jbr\bin\zip.dll
0x00007fff70380000 - 0x00007fff70af0000 	C:\Windows\System32\SHELL32.dll
0x00007fff6d310000 - 0x00007fff6dab5000 	C:\Windows\SYSTEM32\windows.storage.dll
0x00007fff70cd0000 - 0x00007fff71024000 	C:\Windows\System32\combase.dll
0x00007fff6f010000 - 0x00007fff6f03b000 	C:\Windows\SYSTEM32\Wldp.dll
0x00007fff70130000 - 0x00007fff701fd000 	C:\Windows\System32\OLEAUT32.dll
0x00007fff71110000 - 0x00007fff711bd000 	C:\Windows\System32\SHCORE.dll
0x00007fff70320000 - 0x00007fff7037b000 	C:\Windows\System32\shlwapi.dll
0x00007fff6f6d0000 - 0x00007fff6f6f4000 	C:\Windows\SYSTEM32\profapi.dll
0x00007fff4b7a0000 - 0x00007fff4b7b0000 	C:\Program Files\Android\Android Studio\jbr\bin\net.dll
0x00007fff64ae0000 - 0x00007fff64bea000 	C:\Windows\SYSTEM32\WINHTTP.dll
0x00007fff6edf0000 - 0x00007fff6ee5a000 	C:\Windows\system32\mswsock.dll
0x00007fff471f0000 - 0x00007fff47206000 	C:\Program Files\Android\Android Studio\jbr\bin\nio.dll
0x00007fff4a5d0000 - 0x00007fff4a5e0000 	C:\Program Files\Android\Android Studio\jbr\bin\verify.dll
0x00007fff57f30000 - 0x00007fff57f57000 	C:\Users\mudai\.gradle\native\c067742578af261105cb4f569cf0c3c89f3d7b1fecec35dd04571415982c5e48\windows-amd64\native-platform.dll
0x00007fff3a330000 - 0x00007fff3a474000 	C:\Users\mudai\.gradle\native\100fb08df4bc3b14c8652ba06237920a3bd2aa13389f12d3474272988ae205f9\windows-amd64\native-platform-file-events.dll
0x00007fff4ac50000 - 0x00007fff4ac59000 	C:\Program Files\Android\Android Studio\jbr\bin\management.dll
0x00007fff4ab00000 - 0x00007fff4ab0b000 	C:\Program Files\Android\Android Studio\jbr\bin\management_ext.dll
0x00007fff711c0000 - 0x00007fff711c8000 	C:\Windows\System32\PSAPI.DLL
0x00007fff6f050000 - 0x00007fff6f068000 	C:\Windows\SYSTEM32\CRYPTSP.dll
0x00007fff6e730000 - 0x00007fff6e768000 	C:\Windows\system32\rsaenh.dll
0x00007fff6f650000 - 0x00007fff6f67e000 	C:\Windows\SYSTEM32\USERENV.dll
0x00007fff6ef80000 - 0x00007fff6ef8c000 	C:\Windows\SYSTEM32\CRYPTBASE.dll
0x00007fff6eaf0000 - 0x00007fff6eb2b000 	C:\Windows\SYSTEM32\IPHLPAPI.DLL
0x00007fff71c60000 - 0x00007fff71c68000 	C:\Windows\System32\NSI.dll
0x00007fff4aef0000 - 0x00007fff4aef9000 	C:\Program Files\Android\Android Studio\jbr\bin\extnet.dll
0x00007fff4c450000 - 0x00007fff4c457000 	C:\Windows\system32\wshunix.dll

dbghelp: loaded successfully - version: 4.0.5 - missing functions: none
symbol engine: initialized successfully - sym options: 0x614 - pdb path: .;C:\Program Files\Android\Android Studio\jbr\bin;C:\Windows\SYSTEM32;C:\Program Files\AVG\Antivirus;C:\Windows\WinSxS\amd64_microsoft.windows.common-controls_6595b64144ccf1df_6.0.19041.6456_none_60b8a6cb71f64256;C:\Program Files\Android\Android Studio\jbr\bin\server;C:\Users\mudai\.gradle\native\c067742578af261105cb4f569cf0c3c89f3d7b1fecec35dd04571415982c5e48\windows-amd64;C:\Users\mudai\.gradle\native\100fb08df4bc3b14c8652ba06237920a3bd2aa13389f12d3474272988ae205f9\windows-amd64

VM Arguments:
jvm_args: --add-opens=java.base/java.util=ALL-UNNAMED --add-opens=java.base/java.lang=ALL-UNNAMED --add-opens=java.base/java.lang.invoke=ALL-UNNAMED --add-opens=java.prefs/java.util.prefs=ALL-UNNAMED --add-exports=jdk.compiler/com.sun.tools.javac.api=ALL-UNNAMED --add-exports=jdk.compiler/com.sun.tools.javac.util=ALL-UNNAMED --add-opens=java.base/java.nio.charset=ALL-UNNAMED --add-opens=java.base/java.net=ALL-UNNAMED --add-opens=java.base/java.util.concurrent.atomic=ALL-UNNAMED -Xmx2048m -Dfile.encoding=UTF-8 -Duser.country=US -Duser.language=en -Duser.variant -javaagent:C:\Users\mudai\.gradle\wrapper\dists\gradle-8.10.2-bin\a04bxjujx95o3nb99gddekhwo\gradle-8.10.2\lib\agents\gradle-instrumentation-agent-8.10.2.jar 
java_command: org.gradle.launcher.daemon.bootstrap.GradleDaemon 8.10.2
java_class_path (initial): C:\Users\mudai\.gradle\wrapper\dists\gradle-8.10.2-bin\a04bxjujx95o3nb99gddekhwo\gradle-8.10.2\lib\gradle-daemon-main-8.10.2.jar
Launcher Type: SUN_STANDARD

[Global flags]
     intx CICompilerCount                          = 3                                         {product} {ergonomic}
     uint ConcGCThreads                            = 1                                         {product} {ergonomic}
     uint G1ConcRefinementThreads                  = 4                                         {product} {ergonomic}
   size_t G1HeapRegionSize                         = 1048576                                   {product} {ergonomic}
    uintx GCDrainStackTargetSize                   = 64                                        {product} {ergonomic}
   size_t InitialHeapSize                          = 56623104                                  {product} {ergonomic}
   size_t MarkStackSize                            = 4194304                                   {product} {ergonomic}
   size_t MaxHeapSize                              = 2147483648                                {product} {command line}
   size_t MaxNewSize                               = 1287651328                                {product} {ergonomic}
   size_t MinHeapDeltaBytes                        = 1048576                                   {product} {ergonomic}
   size_t MinHeapSize                              = 8388608                                   {product} {ergonomic}
    uintx NonNMethodCodeHeapSize                   = 5832780                                {pd product} {ergonomic}
    uintx NonProfiledCodeHeapSize                  = 122912730                              {pd product} {ergonomic}
    uintx ProfiledCodeHeapSize                     = 122912730                              {pd product} {ergonomic}
    uintx ReservedCodeCacheSize                    = 251658240                              {pd product} {ergonomic}
     bool SegmentedCodeCache                       = true                                      {product} {ergonomic}
   size_t SoftMaxHeapSize                          = 2147483648                             {manageable} {ergonomic}
     bool UseCompressedOops                        = true                           {product lp64_product} {ergonomic}
     bool UseG1GC                                  = true                                      {product} {ergonomic}
     bool UseLargePagesIndividualAllocation        = false                                  {pd product} {ergonomic}

Logging:
Log output configuration:
 #0: stdout all=warning uptime,level,tags foldmultilines=false
 #1: stderr all=off uptime,level,tags foldmultilines=false

Environment Variables:
JAVA_HOME=C:\Program Files\Java\jdk-23
PATH=C:\Program Files (x86)\VMware\VMware Workstation\bin\;C:\Program Files\Common Files\Oracle\Java\javapath;C:\Windows\system32;C:\Windows;C:\Windows\System32\Wbem;C:\Windows\System32\WindowsPowerShell\v1.0\;C:\Windows\System32\OpenSSH\;C:\Program Files\Java\jdk-23\bin;C:\MinGW\bin\;C:\Program Files\Git\cmd;C:\Program Files\nodejs\;C:\ngrok.exe;C:\Users\mudai\AppData\Local\Programs\Python\Python313\Scripts\;C:\Users\mudai\AppData\Local\Programs\Python\Python313\;C:\Users\mudai\AppData\Local\Microsoft\WindowsApps;C:\Users\mudai\AppData\Local\Programs\Microsoft VS Code\bin;C:\MinGW\bin;;C:\Program Files\JetBrains\IntelliJ IDEA Community Edition 2024.3.2.2\bin;;C:\Users\mudai\AppData\Roaming\npm
USERNAME=L3WI5 J4D3
OS=Windows_NT
PROCESSOR_IDENTIFIER=Intel64 Family 6 Model 122 Stepping 1, GenuineIntel
TMP=C:\Users\mudai\AppData\Local\Temp
TEMP=C:\Users\mudai\AppData\Local\Temp




Periodic native trim disabled

JNI global refs:
JNI global refs: 23, weak refs: 0

JNI global refs memory usage: 835, weak refs: 833

Process memory usage:
Resident Set Size: 122988K (3% of 3518216K total physical memory with 302364K free physical memory)

OOME stack traces (most recent first):
Classloader memory used:
Loader bootstrap                                                                       : 15875K
Loader org.gradle.internal.classloader.VisitableURLClassLoader                         : 7494K
Loader org.gradle.initialization.MixInLegacyTypesClassLoader                           : 304K
Loader jdk.internal.loader.ClassLoaders$AppClassLoader                                 : 234K
Loader jdk.internal.loader.ClassLoaders$PlatformClassLoader                            : 114K
Loader jdk.internal.reflect.DelegatingClassLoader                                      : 37752B

Classes loaded by more than one classloader:
Class org.gradle.internal.classloader.FilteringClassLoader                            : loaded 2 times (x 101B)
Class org.gradle.internal.classloader.ClassLoaderHierarchy                            : loaded 2 times (x 66B)
Class org.gradle.api.internal.classpath.ManifestUtil                                  : loaded 2 times (x 67B)
Class org.gradle.internal.classloader.ClassLoaderVisitor                              : loaded 2 times (x 72B)
Class org.gradle.api.internal.classpath.EffectiveClassPath                            : loaded 2 times (x 86B)
Class org.gradle.api.internal.DefaultClassPathProvider                                : loaded 2 times (x 72B)
Class [Lorg.gradle.api.internal.ClassPathProvider;                                    : loaded 2 times (x 65B)
Class org.gradle.api.internal.ClassPathProvider                                       : loaded 2 times (x 66B)
Class org.gradle.internal.service.UnknownServiceException                             : loaded 2 times (x 79B)
Class org.gradle.internal.classpath.TransformedClassPath                              : loaded 2 times (x 92B)
Class org.gradle.internal.classloader.InstrumentingClassLoader                        : loaded 2 times (x 66B)
Class org.gradle.internal.service.ServiceLocator                                      : loaded 2 times (x 66B)
Class org.gradle.internal.InternalTransformer                                         : loaded 2 times (x 66B)
Class org.gradle.internal.classloader.ClasspathUtil$1                                 : loaded 2 times (x 72B)
Class org.gradle.api.internal.classpath.DefaultModuleRegistry$DefaultModule           : loaded 2 times (x 82B)
Class org.gradle.api.internal.classpath.Module                                        : loaded 2 times (x 66B)
Class org.gradle.api.internal.classpath.UnknownModuleException                        : loaded 2 times (x 78B)
Class org.gradle.api.internal.DefaultClassPathRegistry                                : loaded 2 times (x 72B)
Class org.gradle.api.internal.ClassPathRegistry                                       : loaded 2 times (x 66B)
Class org.gradle.internal.classpath.DefaultClassPath$ImmutableUniqueList              : loaded 2 times (x 195B)
Class org.gradle.internal.classpath.ClassPath                                         : loaded 2 times (x 66B)
Class org.gradle.api.UncheckedIOException                                             : loaded 2 times (x 78B)
Class org.gradle.internal.installation.GradleInstallation$1                           : loaded 2 times (x 71B)
Class org.gradle.api.internal.classpath.ModuleRegistry                                : loaded 2 times (x 66B)
Class org.gradle.api.internal.classpath.DefaultModuleRegistry                         : loaded 2 times (x 82B)
Class org.gradle.internal.service.ServiceLookupException                              : loaded 2 times (x 78B)
Class org.gradle.internal.classloader.ClassLoaderFactory                              : loaded 2 times (x 66B)
Class org.gradle.internal.service.CachingServiceLocator                               : loaded 2 times (x 78B)
Class org.gradle.internal.classloader.ClasspathUtil                                   : loaded 2 times (x 67B)
Class org.gradle.api.specs.Spec                                                       : loaded 2 times (x 66B)
Class org.gradle.internal.classloader.VisitableURLClassLoader$InstrumentingVisitableURLClassLoader: loaded 2 times (x 119B)
Class org.gradle.internal.classloader.VisitableURLClassLoader$Spec                    : loaded 2 times (x 70B)
Class org.gradle.internal.classpath.DefaultClassPath                                  : loaded 2 times (x 86B)
Class org.gradle.internal.classloader.ClassLoaderSpec                                 : loaded 2 times (x 67B)
Class org.gradle.internal.classloader.VisitableURLClassLoader                         : loaded 2 times (x 113B)
Class org.gradle.internal.Cast                                                        : loaded 2 times (x 67B)
Class org.gradle.api.Action                                                           : loaded 2 times (x 66B)
Class org.gradle.internal.classpath.DefaultClassPath$ImmutableUniqueList$Builder      : loaded 2 times (x 71B)
Class org.gradle.api.GradleException                                                  : loaded 2 times (x 78B)
Class org.gradle.internal.IoActions                                                   : loaded 2 times (x 67B)
Class org.gradle.internal.classloader.SystemClassLoaderSpec                           : loaded 2 times (x 67B)
Class org.gradle.api.internal.classpath.GlobalCacheRootsProvider                      : loaded 2 times (x 66B)
Class org.gradle.internal.installation.CurrentGradleInstallationLocator               : loaded 2 times (x 67B)
Class org.gradle.internal.service.DefaultServiceLocator                               : loaded 2 times (x 79B)
Class org.gradle.internal.installation.CurrentGradleInstallation                      : loaded 2 times (x 69B)
Class org.gradle.util.internal.GUtil                                                  : loaded 2 times (x 67B)
Class org.gradle.internal.installation.GradleInstallation                             : loaded 2 times (x 71B)

---------------  S Y S T E M  ---------------

OS:
 Windows 10 , 64 bit Build 19041 (10.0.19041.5915)
OS uptime: 1 days 19:05 hours
Hyper-V role detected

CPU: total 4 (initial active 4) (4 cores per cpu, 1 threads per core) family 6 model 122 stepping 1 microcode 0x40, cx8, cmov, fxsr, mmx, 3dnowpref, sse, sse2, sse3, ssse3, sse4.1, sse4.2, popcnt, tsc, tscinvbit, aes, erms, clmul, sha, clflush, clflushopt, hv, rdtscp, rdpid
Processor Information for all 4 processors :
  Max Mhz: 1101, Current Mhz: 1101, Mhz Limit: 1101

Memory: 4k page, system-wide physical 3435M (295M free)
TotalPageFile size 14187M (AvailPageFile size 369M)
current process WorkingSet (physical memory assigned to process): 120M, peak: 120M
current process commit charge ("private bytes"): 170M, peak: 172M

vm_info: OpenJDK 64-Bit Server VM (21.0.5+-13047016-b750.29) for windows-amd64 JRE (21.0.5+-13047016-b750.29), built on 2025-02-11T21:12:39Z by "builder" with MS VC++ 16.10 / 16.11 (VS2019)

END.
